{"Level":"DEBUG","Date":"2019-10-17 10:15:13","Message":"初始化数据库开始","Context":"","StrContext":""}
{"Level":"DEBUG","Date":"2019-10-17 10:15:13","Message":"初始化数据库结束","Context":"","StrContext":""}
{"Level":"DEBUG","Date":"2019-10-17 10:15:13","Message":"初始化数据表开始","Context":"","StrContext":""}
{"Level":"DEBUG","Date":"2019-10-17 10:15:13","Message":"sqlLog","Context":{"args":null,"sql":"CREATE TABLE IF NOT EXISTS Users (id integer primary key autoincrement, name varchar(50) not null, phone char(11) not null, password varchar(50) default '' not null, created_at varchar(50) not null, updated_at varchar(50) not null);"},"StrContext":"map[args:[] sql:CREATE TABLE IF NOT EXISTS Users (id integer primary key autoincrement, name varchar(50) not null, phone char(11) not null, password varchar(50) default '' not null, created_at varchar(50) not null, updated_at varchar(50) not null);]"}
{"Level":"DEBUG","Date":"2019-10-17 10:15:13","Message":"初始化表","Context":{"command":"CREATE TABLE IF NOT EXISTS Users (id integer primary key autoincrement, name varchar(50) not null, phone char(11) not null, password varchar(50) default '' not null, created_at varchar(50) not null, updated_at varchar(50) not null);","commandRes":0,"len":0,"table":"Users"},"StrContext":"map[command:CREATE TABLE IF NOT EXISTS Users (id integer primary key autoincrement, name varchar(50) not null, phone char(11) not null, password varchar(50) default '' not null, created_at varchar(50) not null, updated_at varchar(50) not null); commandRes:0 len:0 table:Users]"}
{"Level":"DEBUG","Date":"2019-10-17 10:15:13","Message":"sqlLog","Context":{"args":null,"sql":"CREATE TABLE IF NOT EXISTS Heros (id INTEGER primary key autoincrement, rank char(50) not null, name char(50) not null, beforeWeight char(50) not null, afterWeight char(50) not null, result char(50) not null);"},"StrContext":"map[args:[] sql:CREATE TABLE IF NOT EXISTS Heros (id INTEGER primary key autoincrement, rank char(50) not null, name char(50) not null, beforeWeight char(50) not null, afterWeight char(50) not null, result char(50) not null);]"}
{"Level":"DEBUG","Date":"2019-10-17 10:15:13","Message":"初始化表","Context":{"command":"CREATE TABLE IF NOT EXISTS Heros (id INTEGER primary key autoincrement, rank char(50) not null, name char(50) not null, beforeWeight char(50) not null, afterWeight char(50) not null, result char(50) not null);","commandRes":0,"len":1,"table":"Heros"},"StrContext":"map[command:CREATE TABLE IF NOT EXISTS Heros (id INTEGER primary key autoincrement, rank char(50) not null, name char(50) not null, beforeWeight char(50) not null, afterWeight char(50) not null, result char(50) not null); commandRes:0 len:1 table:Heros]"}
{"Level":"DEBUG","Date":"2019-10-17 10:15:13","Message":"初始化数据表结束","Context":"","StrContext":""}
{"Level":"DEBUG","Date":"2019-10-17 10:15:13","Message":"Load router","Context":"","StrContext":""}
{"Level":"DEBUG","Date":"2019-10-17 10:15:15","Message":"编译模板资源服务处理","Context":"/user/index.html","StrContext":"/user/index.html"}
{"Level":"DEBUG","Date":"2019-10-17 10:15:15","Message":"编译静态资源服务处理","Context":"/Static/js/jquery-3.2.1.min.js","StrContext":"/Static/js/jquery-3.2.1.min.js"}
{"Level":"DEBUG","Date":"2019-10-17 10:15:15","Message":"编译静态资源服务处理","Context":"/Static/js/main.js","StrContext":"/Static/js/main.js"}
{"Level":"DEBUG","Date":"2019-10-17 10:15:15","Message":"编译静态资源服务处理","Context":"/Static/js/AppMain.js","StrContext":"/Static/js/AppMain.js"}
{"Level":"DEBUG","Date":"2019-10-17 10:15:15","Message":"编译静态资源服务处理","Context":"/Static/js/Fdata.js","StrContext":"/Static/js/Fdata.js"}
{"Level":"DEBUG","Date":"2019-10-17 10:15:15","Message":"编译静态资源服务处理","Context":"/Static/js/Flayer.js","StrContext":"/Static/js/Flayer.js"}
{"Level":"DEBUG","Date":"2019-10-17 10:15:15","Message":"编译静态资源服务处理","Context":"/Static/js/AppMainRewrite.js","StrContext":"/Static/js/AppMainRewrite.js"}
{"Level":"DEBUG","Date":"2019-10-17 10:15:15","Message":"编译静态资源服务处理","Context":"/Static/css/AppMainRewrite.css","StrContext":"/Static/css/AppMainRewrite.css"}
{"Level":"DEBUG","Date":"2019-10-17 10:15:15","Message":"动态路由入口:","Context":{"method":"POST","refer":"http://localhost:4000/user/index.html","urlPath":"/user/gets","userAgent":"Mozilla/5.0 (Macintosh; Intel Mac OS X 10_14_6) AppleWebKit/605.1.15 (KHTML, like Gecko)"},"StrContext":"map[method:POST refer:http://localhost:4000/user/index.html urlPath:/user/gets userAgent:Mozilla/5.0 (Macintosh; Intel Mac OS X 10_14_6) AppleWebKit/605.1.15 (KHTML, like Gecko)]"}
{"Level":"ERROR","Date":"2019-10-17 10:15:15","Message":"未定义路由，需要另行处理...","Context":"","StrContext":""}
{"Level":"DEBUG","Date":"2019-10-17 10:15:54","Message":"初始化数据库开始","Context":"","StrContext":""}
{"Level":"DEBUG","Date":"2019-10-17 10:15:54","Message":"初始化数据库结束","Context":"","StrContext":""}
{"Level":"DEBUG","Date":"2019-10-17 10:15:54","Message":"初始化数据表开始","Context":"","StrContext":""}
{"Level":"DEBUG","Date":"2019-10-17 10:15:54","Message":"sqlLog","Context":{"args":null,"sql":"CREATE TABLE IF NOT EXISTS Users (id integer primary key autoincrement, name varchar(50) not null, phone char(11) not null, password varchar(50) default '' not null, created_at varchar(50) not null, updated_at varchar(50) not null);"},"StrContext":"map[args:[] sql:CREATE TABLE IF NOT EXISTS Users (id integer primary key autoincrement, name varchar(50) not null, phone char(11) not null, password varchar(50) default '' not null, created_at varchar(50) not null, updated_at varchar(50) not null);]"}
{"Level":"DEBUG","Date":"2019-10-17 10:15:54","Message":"初始化表","Context":{"command":"CREATE TABLE IF NOT EXISTS Users (id integer primary key autoincrement, name varchar(50) not null, phone char(11) not null, password varchar(50) default '' not null, created_at varchar(50) not null, updated_at varchar(50) not null);","commandRes":0,"len":0,"table":"Users"},"StrContext":"map[command:CREATE TABLE IF NOT EXISTS Users (id integer primary key autoincrement, name varchar(50) not null, phone char(11) not null, password varchar(50) default '' not null, created_at varchar(50) not null, updated_at varchar(50) not null); commandRes:0 len:0 table:Users]"}
{"Level":"DEBUG","Date":"2019-10-17 10:15:54","Message":"sqlLog","Context":{"args":null,"sql":"CREATE TABLE IF NOT EXISTS Heros (id INTEGER primary key autoincrement, rank char(50) not null, name char(50) not null, beforeWeight char(50) not null, afterWeight char(50) not null, result char(50) not null);"},"StrContext":"map[args:[] sql:CREATE TABLE IF NOT EXISTS Heros (id INTEGER primary key autoincrement, rank char(50) not null, name char(50) not null, beforeWeight char(50) not null, afterWeight char(50) not null, result char(50) not null);]"}
{"Level":"DEBUG","Date":"2019-10-17 10:15:54","Message":"初始化表","Context":{"command":"CREATE TABLE IF NOT EXISTS Heros (id INTEGER primary key autoincrement, rank char(50) not null, name char(50) not null, beforeWeight char(50) not null, afterWeight char(50) not null, result char(50) not null);","commandRes":0,"len":1,"table":"Heros"},"StrContext":"map[command:CREATE TABLE IF NOT EXISTS Heros (id INTEGER primary key autoincrement, rank char(50) not null, name char(50) not null, beforeWeight char(50) not null, afterWeight char(50) not null, result char(50) not null); commandRes:0 len:1 table:Heros]"}
{"Level":"DEBUG","Date":"2019-10-17 10:15:54","Message":"初始化数据表结束","Context":"","StrContext":""}
{"Level":"DEBUG","Date":"2019-10-17 10:15:54","Message":"Load router","Context":"","StrContext":""}
{"Level":"DEBUG","Date":"2019-10-17 10:15:55","Message":"编译模板资源服务处理","Context":"/index/index.html","StrContext":"/index/index.html"}
{"Level":"DEBUG","Date":"2019-10-17 10:15:55","Message":"编译静态资源服务处理","Context":"/Static/js/jquery-3.2.1.min.js","StrContext":"/Static/js/jquery-3.2.1.min.js"}
{"Level":"DEBUG","Date":"2019-10-17 10:15:55","Message":"编译静态资源服务处理","Context":"/Static/js/main.js","StrContext":"/Static/js/main.js"}
{"Level":"DEBUG","Date":"2019-10-17 10:15:55","Message":"编译静态资源服务处理","Context":"/Static/js/AppMain.js","StrContext":"/Static/js/AppMain.js"}
{"Level":"DEBUG","Date":"2019-10-17 10:15:55","Message":"编译静态资源服务处理","Context":"/Static/css/AppMainRewrite.css","StrContext":"/Static/css/AppMainRewrite.css"}
{"Level":"DEBUG","Date":"2019-10-17 10:15:55","Message":"编译静态资源服务处理","Context":"/Static/js/Fdata.js","StrContext":"/Static/js/Fdata.js"}
{"Level":"DEBUG","Date":"2019-10-17 10:15:55","Message":"编译静态资源服务处理","Context":"/Static/js/Flayer.js","StrContext":"/Static/js/Flayer.js"}
{"Level":"DEBUG","Date":"2019-10-17 10:15:55","Message":"编译静态资源服务处理","Context":"/Static/js/AppMainRewrite.js","StrContext":"/Static/js/AppMainRewrite.js"}
{"Level":"DEBUG","Date":"2019-10-17 10:16:05","Message":"动态路由入口:","Context":{"method":"POST","refer":"http://localhost:4000/index/index.html","urlPath":"/upgrade/check","userAgent":"Mozilla/5.0 (Macintosh; Intel Mac OS X 10_14_6) AppleWebKit/605.1.15 (KHTML, like Gecko)"},"StrContext":"map[method:POST refer:http://localhost:4000/index/index.html urlPath:/upgrade/check userAgent:Mozilla/5.0 (Macintosh; Intel Mac OS X 10_14_6) AppleWebKit/605.1.15 (KHTML, like Gecko)]"}
{"Level":"ERROR","Date":"2019-10-17 10:16:05","Message":"未定义路由，需要另行处理...","Context":"","StrContext":""}
